<?xml version="1.0" encoding="UTF-8"?>
<testsuite name="com.icap.PrimeCaclServiceImpTest" time="0.293" tests="57" errors="0" skipped="0" failures="0">
  <properties>
    <property name="java.runtime.name" value="Java(TM) SE Runtime Environment"/>
    <property name="sun.boot.library.path" value="C:\Program Files\Java\jdk1.8.0_71\jre\bin"/>
    <property name="java.vm.version" value="25.71-b15"/>
    <property name="java.vm.vendor" value="Oracle Corporation"/>
    <property name="maven.multiModuleProjectDirectory" value="C:\Users\Keith\workspace 2\icap-test"/>
    <property name="java.vendor.url" value="http://java.oracle.com/"/>
    <property name="path.separator" value=";"/>
    <property name="guice.disable.misplaced.annotation.check" value="true"/>
    <property name="java.vm.name" value="Java HotSpot(TM) 64-Bit Server VM"/>
    <property name="file.encoding.pkg" value="sun.io"/>
    <property name="user.script" value=""/>
    <property name="user.country" value="US"/>
    <property name="sun.java.launcher" value="SUN_STANDARD"/>
    <property name="sun.os.patch.level" value=""/>
    <property name="java.vm.specification.name" value="Java Virtual Machine Specification"/>
    <property name="user.dir" value="C:\Users\Keith\workspace 2\icap-test"/>
    <property name="java.runtime.version" value="1.8.0_71-b15"/>
    <property name="java.awt.graphicsenv" value="sun.awt.Win32GraphicsEnvironment"/>
    <property name="java.endorsed.dirs" value="C:\Program Files\Java\jdk1.8.0_71\jre\lib\endorsed"/>
    <property name="os.arch" value="amd64"/>
    <property name="java.io.tmpdir" value="C:\Users\Keith\AppData\Local\Temp\"/>
    <property name="line.separator" value="&#10;"/>
    <property name="java.vm.specification.vendor" value="Oracle Corporation"/>
    <property name="user.variant" value=""/>
    <property name="os.name" value="Windows 10"/>
    <property name="classworlds.conf" value="C:\apache-maven-3.3.9\bin\..\bin\m2.conf"/>
    <property name="sun.jnu.encoding" value="Cp1252"/>
    <property name="java.library.path" value="C:\Program Files\Java\jdk1.8.0_71\bin;C:\WINDOWS\Sun\Java\bin;C:\WINDOWS\system32;C:\WINDOWS;C:\Program Files (x86)\AMD APP\bin\x86_64;C:\Program Files (x86)\AMD APP\bin\x86;C:\oraclexe\app\oracle\product\11.2.0\server\bin;C:\Program Files\Common Files\Microsoft Shared\Windows Live;C:\Program Files (x86)\Common Files\Microsoft Shared\Windows Live;c:\Program Files (x86)\NVIDIA Corporation\PhysX\Common;C:\WINDOWS\system32;C:\WINDOWS;C:\WINDOWS\System32\Wbem;C:\WINDOWS\System32\WindowsPowerShell\v1.0\;c:\Program Files (x86)\ATI Technologies\ATI.ACE\Core-Static;C:\Program Files (x86)\Windows Live\Shared;C:\Program Files (x86)\Common Files\Roxio Shared\DLLShared\;C:\Program Files (x86)\Skype\Phone\;C:\Program Files (x86)\QuickTime\QTSystem\;C:\Program Files (x86)\ATI Technologies\ATI.ACE\Core-Static;C:\apache-maven-3.3.9\bin;C:\Program Files (x86)\IDM Computer Solutions\UltraCompare;C:\Program Files (x86)\CVS Suite\CVSNT\;C:\Cygwin64\bin;C:\Program Files (x86)\IDM Computer Solutions\UltraEdit;C:\Program Files\Java\jdk1.8.0_71\bin;C:\mongodb\bin;C:\Program Files (x86)\CVS Suite\CVSNT\;."/>
    <property name="java.specification.name" value="Java Platform API Specification"/>
    <property name="java.class.version" value="52.0"/>
    <property name="sun.management.compiler" value="HotSpot 64-Bit Tiered Compilers"/>
    <property name="os.version" value="10.0"/>
    <property name="user.home" value="C:\Users\Keith"/>
    <property name="user.timezone" value="Europe/London"/>
    <property name="java.awt.printerjob" value="sun.awt.windows.WPrinterJob"/>
    <property name="java.specification.version" value="1.8"/>
    <property name="file.encoding" value="Cp1252"/>
    <property name="user.name" value="Keith"/>
    <property name="java.class.path" value="C:\apache-maven-3.3.9\bin\..\boot\plexus-classworlds-2.5.2.jar"/>
    <property name="java.vm.specification.version" value="1.8"/>
    <property name="sun.arch.data.model" value="64"/>
    <property name="java.home" value="C:\Program Files\Java\jdk1.8.0_71\jre"/>
    <property name="sun.java.command" value="org.codehaus.plexus.classworlds.launcher.Launcher test"/>
    <property name="java.specification.vendor" value="Oracle Corporation"/>
    <property name="user.language" value="en"/>
    <property name="awt.toolkit" value="sun.awt.windows.WToolkit"/>
    <property name="java.vm.info" value="mixed mode"/>
    <property name="java.version" value="1.8.0_71"/>
    <property name="java.ext.dirs" value="C:\Program Files\Java\jdk1.8.0_71\jre\lib\ext;C:\WINDOWS\Sun\Java\lib\ext"/>
    <property name="sun.boot.class.path" value="C:\Program Files\Java\jdk1.8.0_71\jre\lib\resources.jar;C:\Program Files\Java\jdk1.8.0_71\jre\lib\rt.jar;C:\Program Files\Java\jdk1.8.0_71\jre\lib\sunrsasign.jar;C:\Program Files\Java\jdk1.8.0_71\jre\lib\jsse.jar;C:\Program Files\Java\jdk1.8.0_71\jre\lib\jce.jar;C:\Program Files\Java\jdk1.8.0_71\jre\lib\charsets.jar;C:\Program Files\Java\jdk1.8.0_71\jre\lib\jfr.jar;C:\Program Files\Java\jdk1.8.0_71\jre\classes"/>
    <property name="sun.stderr.encoding" value="cp850"/>
    <property name="java.vendor" value="Oracle Corporation"/>
    <property name="maven.home" value="C:\apache-maven-3.3.9\bin\.."/>
    <property name="file.separator" value="\"/>
    <property name="java.vendor.url.bug" value="http://bugreport.sun.com/bugreport/"/>
    <property name="sun.cpu.endian" value="little"/>
    <property name="sun.io.unicode.encoding" value="UnicodeLittle"/>
    <property name="sun.stdout.encoding" value="cp850"/>
    <property name="sun.desktop" value="windows"/>
    <property name="sun.cpu.isalist" value="amd64"/>
  </properties>
  <testcase name="testGetAllPrimesUsingForkJoinPool" classname="com.icap.PrimeCaclServiceImpTest" time="0.153"/>
  <testcase name="testGetAllPrimesUsingStream" classname="com.icap.PrimeCaclServiceImpTest" time="0.08"/>
  <testcase name="testGetAllPrimesUsingCompletableFuture" classname="com.icap.PrimeCaclServiceImpTest" time="0.03"/>
  <testcase name="testGetAllPrimesUsingExecutorService" classname="com.icap.PrimeCaclServiceImpTest" time="0.02"/>
  <testcase name="testGetAllPrimes" classname="com.icap.PrimeCaclServiceImpTest" time="0.01"/>
  <testcase name="[0] 0, false (testIsPrime)" classname="com.icap.PrimeCaclServiceImpTest" time="0"/>
  <testcase name="[1] 1, false (testIsPrime)" classname="com.icap.PrimeCaclServiceImpTest" time="0"/>
  <testcase name="[2] 2, true (testIsPrime)" classname="com.icap.PrimeCaclServiceImpTest" time="0"/>
  <testcase name="[3] 3, true (testIsPrime)" classname="com.icap.PrimeCaclServiceImpTest" time="0"/>
  <testcase name="[4] 4, false (testIsPrime)" classname="com.icap.PrimeCaclServiceImpTest" time="0"/>
  <testcase name="[5] 5, true (testIsPrime)" classname="com.icap.PrimeCaclServiceImpTest" time="0"/>
  <testcase name="[6] 6, false (testIsPrime)" classname="com.icap.PrimeCaclServiceImpTest" time="0"/>
  <testcase name="[7] 7, true (testIsPrime)" classname="com.icap.PrimeCaclServiceImpTest" time="0"/>
  <testcase name="[8] 8, false (testIsPrime)" classname="com.icap.PrimeCaclServiceImpTest" time="0"/>
  <testcase name="[9] 9, false (testIsPrime)" classname="com.icap.PrimeCaclServiceImpTest" time="0"/>
  <testcase name="[10] 10, false (testIsPrime)" classname="com.icap.PrimeCaclServiceImpTest" time="0"/>
  <testcase name="[11] 11, true (testIsPrime)" classname="com.icap.PrimeCaclServiceImpTest" time="0"/>
  <testcase name="[12] 12, false (testIsPrime)" classname="com.icap.PrimeCaclServiceImpTest" time="0"/>
  <testcase name="[13] 13, true (testIsPrime)" classname="com.icap.PrimeCaclServiceImpTest" time="0"/>
  <testcase name="[14] 14, false (testIsPrime)" classname="com.icap.PrimeCaclServiceImpTest" time="0"/>
  <testcase name="[15] 15, false (testIsPrime)" classname="com.icap.PrimeCaclServiceImpTest" time="0"/>
  <testcase name="[16] 16, false (testIsPrime)" classname="com.icap.PrimeCaclServiceImpTest" time="0"/>
  <testcase name="[17] 17, true (testIsPrime)" classname="com.icap.PrimeCaclServiceImpTest" time="0"/>
  <testcase name="[18] 18, false (testIsPrime)" classname="com.icap.PrimeCaclServiceImpTest" time="0"/>
  <testcase name="[19] 19, true (testIsPrime)" classname="com.icap.PrimeCaclServiceImpTest" time="0"/>
  <testcase name="[20] 20, false (testIsPrime)" classname="com.icap.PrimeCaclServiceImpTest" time="0"/>
  <testcase name="[21] 21, false (testIsPrime)" classname="com.icap.PrimeCaclServiceImpTest" time="0"/>
  <testcase name="[22] 22, false (testIsPrime)" classname="com.icap.PrimeCaclServiceImpTest" time="0"/>
  <testcase name="[23] 23, true (testIsPrime)" classname="com.icap.PrimeCaclServiceImpTest" time="0"/>
  <testcase name="[24] 24, false (testIsPrime)" classname="com.icap.PrimeCaclServiceImpTest" time="0"/>
  <testcase name="[25] 25, false (testIsPrime)" classname="com.icap.PrimeCaclServiceImpTest" time="0"/>
  <testcase name="[26] 26, false (testIsPrime)" classname="com.icap.PrimeCaclServiceImpTest" time="0"/>
  <testcase name="[27] 27, false (testIsPrime)" classname="com.icap.PrimeCaclServiceImpTest" time="0"/>
  <testcase name="[28] 28, false (testIsPrime)" classname="com.icap.PrimeCaclServiceImpTest" time="0"/>
  <testcase name="[29] 29, true (testIsPrime)" classname="com.icap.PrimeCaclServiceImpTest" time="0"/>
  <testcase name="[30] 30, false (testIsPrime)" classname="com.icap.PrimeCaclServiceImpTest" time="0"/>
  <testcase name="[31] 31, true (testIsPrime)" classname="com.icap.PrimeCaclServiceImpTest" time="0"/>
  <testcase name="[32] 32, false (testIsPrime)" classname="com.icap.PrimeCaclServiceImpTest" time="0"/>
  <testcase name="[33] 33, false (testIsPrime)" classname="com.icap.PrimeCaclServiceImpTest" time="0"/>
  <testcase name="[34] 34, false (testIsPrime)" classname="com.icap.PrimeCaclServiceImpTest" time="0"/>
  <testcase name="[35] 35, false (testIsPrime)" classname="com.icap.PrimeCaclServiceImpTest" time="0"/>
  <testcase name="[36] 36, false (testIsPrime)" classname="com.icap.PrimeCaclServiceImpTest" time="0"/>
  <testcase name="[37] 37, true (testIsPrime)" classname="com.icap.PrimeCaclServiceImpTest" time="0"/>
  <testcase name="[38] 38, false (testIsPrime)" classname="com.icap.PrimeCaclServiceImpTest" time="0"/>
  <testcase name="[39] 39, false (testIsPrime)" classname="com.icap.PrimeCaclServiceImpTest" time="0"/>
  <testcase name="[40] 40, false (testIsPrime)" classname="com.icap.PrimeCaclServiceImpTest" time="0"/>
  <testcase name="[41] 41, true (testIsPrime)" classname="com.icap.PrimeCaclServiceImpTest" time="0"/>
  <testcase name="[42] 42, false (testIsPrime)" classname="com.icap.PrimeCaclServiceImpTest" time="0"/>
  <testcase name="[43] 43, true (testIsPrime)" classname="com.icap.PrimeCaclServiceImpTest" time="0"/>
  <testcase name="[44] 44, false (testIsPrime)" classname="com.icap.PrimeCaclServiceImpTest" time="0"/>
  <testcase name="[45] 45, false (testIsPrime)" classname="com.icap.PrimeCaclServiceImpTest" time="0"/>
  <testcase name="[46] 46, false (testIsPrime)" classname="com.icap.PrimeCaclServiceImpTest" time="0"/>
  <testcase name="[47] 47, true (testIsPrime)" classname="com.icap.PrimeCaclServiceImpTest" time="0"/>
  <testcase name="[48] 48, false (testIsPrime)" classname="com.icap.PrimeCaclServiceImpTest" time="0"/>
  <testcase name="[49] 49, false (testIsPrime)" classname="com.icap.PrimeCaclServiceImpTest" time="0"/>
  <testcase name="[50] 49, false (testIsPrime)" classname="com.icap.PrimeCaclServiceImpTest" time="0"/>
  <testcase name="[51] 50, false (testIsPrime)" classname="com.icap.PrimeCaclServiceImpTest" time="0"/>
</testsuite>